<?xml version="1.0" encoding="UTF-8"?>
<testsuite xmlns:xsi="http://www.w3.org/2001/XMLSchema-instance" xsi:noNamespaceSchemaLocation="https://maven.apache.org/surefire/maven-surefire-plugin/xsd/surefire-test-report.xsd" name="ru.rencredit.RenTest" time="35.495" tests="2" errors="0" skipped="0" failures="0">
  <properties>
[...]
</properties>
  <testcase name="cardTest" classname="ru.rencredit.RenTest" time="14.337"/>
  <testcase name="depositTest" classname="ru.rencredit.RenTest" time="8.988"/>
</testsuite>