<?xml version="1.0" encoding="UTF-8"?>
<testng-results ignored="0" total="2" passed="2" failed="0" skipped="0">
  <reporter-output>
  </reporter-output>
  <suite started-at="2019-04-17T17:43:58Z" name="Surefire suite" finished-at="2019-04-17T17:44:22Z" duration-ms="23850">
    <groups>
    </groups>
    <test started-at="2019-04-17T17:43:58Z" name="Surefire test" finished-at="2019-04-17T17:44:22Z" duration-ms="23850">
      <class name="ru.rencredit.RenTest">
        <test-method is-config="true" signature="setUp()[pri:0, instance:ru.rencredit.RenTest@e3cee7b]" started-at="2019-04-17T17:43:52Z" name="setUp" finished-at="2019-04-17T17:43:58Z" duration-ms="5900" status="PASS">
          <reporter-output>
          </reporter-output>
        </test-method> <!-- setUp -->
        <test-method signature="cardTest()[pri:0, instance:ru.rencredit.RenTest@e3cee7b]" started-at="2019-04-17T17:43:58Z" name="cardTest" finished-at="2019-04-17T17:44:12Z" duration-ms="14333" status="PASS">
          <reporter-output>
          </reporter-output>
        </test-method> <!-- cardTest -->
        <test-method signature="depositTest()[pri:0, instance:ru.rencredit.RenTest@e3cee7b]" started-at="2019-04-17T17:44:13Z" name="depositTest" finished-at="2019-04-17T17:44:22Z" duration-ms="8992" status="PASS">
          <reporter-output>
          </reporter-output>
        </test-method> <!-- depositTest -->
        <test-method is-config="true" signature="close()[pri:0, instance:ru.rencredit.RenTest@e3cee7b]" started-at="2019-04-17T17:44:22Z" name="close" finished-at="2019-04-17T17:44:22Z" duration-ms="828" status="PASS">
          <reporter-output>
          </reporter-output>
        </test-method> <!-- close -->
      </class> <!-- ru.rencredit.RenTest -->
    </test> <!-- Surefire test -->
  </suite> <!-- Surefire suite -->
</testng-results>
